[2025-12-17 09:44:05] [INFO] Checking dependencies...
[2025-12-17 09:44:05] [INFO] ✓ Java found: openjdk version "17.0.17" 2025-10-21
[2025-12-17 09:44:05] [INFO] ✓ PostgreSQL is running
[2025-12-17 09:44:05] [INFO] ========================================
[2025-12-17 09:44:05] [INFO] Starting Flight Booking Backend...
[2025-12-17 09:44:05] [INFO] Restart count: 0
[2025-12-17 09:44:05] [INFO] ========================================
[2025-12-17 09:44:05] [ERROR] Failed to start backend: Exception calling "Start" with "0" argument(s): "An error occurred trying to start process '.\mvnw.cmd' with working directory 'D:\TMDT\WebMayBay\backend'. The system cannot find the file specified."
[2025-12-17 09:44:05] [ERROR] Failed to start backend. Retrying in 5 seconds...
[2025-12-17 09:44:10] [INFO] ========================================
[2025-12-17 09:44:10] [INFO] Starting Flight Booking Backend...
[2025-12-17 09:44:10] [INFO] Restart count: 1
[2025-12-17 09:44:10] [INFO] ========================================
[2025-12-17 09:44:10] [ERROR] Failed to start backend: Exception calling "Start" with "0" argument(s): "An error occurred trying to start process '.\mvnw.cmd' with working directory 'D:\TMDT\WebMayBay\backend'. The system cannot find the file specified."
[2025-12-17 09:44:10] [ERROR] Failed to start backend. Retrying in 5 seconds...
[2025-12-17 09:44:15] [INFO] ========================================
[2025-12-17 09:44:15] [INFO] Starting Flight Booking Backend...
[2025-12-17 09:44:15] [INFO] Restart count: 2
[2025-12-17 09:44:15] [INFO] ========================================
[2025-12-17 09:44:15] [ERROR] Failed to start backend: Exception calling "Start" with "0" argument(s): "An error occurred trying to start process '.\mvnw.cmd' with working directory 'D:\TMDT\WebMayBay\backend'. The system cannot find the file specified."
[2025-12-17 09:44:15] [ERROR] Failed to start backend. Retrying in 5 seconds...
[2025-12-17 09:44:20] [INFO] ========================================
[2025-12-17 09:44:20] [INFO] Starting Flight Booking Backend...
[2025-12-17 09:44:20] [INFO] Restart count: 3
[2025-12-17 09:44:20] [INFO] ========================================
[2025-12-17 09:44:20] [ERROR] Failed to start backend: Exception calling "Start" with "0" argument(s): "An error occurred trying to start process '.\mvnw.cmd' with working directory 'D:\TMDT\WebMayBay\backend'. The system cannot find the file specified."
[2025-12-17 09:44:20] [ERROR] Failed to start backend. Retrying in 5 seconds...
[2025-12-17 09:44:25] [INFO] ========================================
[2025-12-17 09:44:25] [INFO] Starting Flight Booking Backend...
[2025-12-17 09:44:25] [INFO] Restart count: 4
[2025-12-17 09:44:25] [INFO] ========================================
[2025-12-17 09:44:25] [ERROR] Failed to start backend: Exception calling "Start" with "0" argument(s): "An error occurred trying to start process '.\mvnw.cmd' with working directory 'D:\TMDT\WebMayBay\backend'. The system cannot find the file specified."
[2025-12-17 09:44:25] [ERROR] Failed to start backend. Retrying in 5 seconds...
[2025-12-17 09:44:31] [INFO] ========================================
[2025-12-17 09:44:31] [INFO] Starting Flight Booking Backend...
[2025-12-17 09:44:31] [INFO] Restart count: 5
[2025-12-17 09:44:31] [INFO] ========================================
[2025-12-17 09:44:31] [ERROR] Failed to start backend: Exception calling "Start" with "0" argument(s): "An error occurred trying to start process '.\mvnw.cmd' with working directory 'D:\TMDT\WebMayBay\backend'. The system cannot find the file specified."
[2025-12-17 09:44:31] [ERROR] Failed to start backend. Retrying in 5 seconds...
[2025-12-17 09:44:36] [INFO] ========================================
[2025-12-17 09:44:36] [INFO] Starting Flight Booking Backend...
[2025-12-17 09:44:36] [INFO] Restart count: 6
[2025-12-17 09:44:36] [INFO] ========================================
[2025-12-17 09:44:36] [ERROR] Failed to start backend: Exception calling "Start" with "0" argument(s): "An error occurred trying to start process '.\mvnw.cmd' with working directory 'D:\TMDT\WebMayBay\backend'. The system cannot find the file specified."
[2025-12-17 09:44:36] [ERROR] Failed to start backend. Retrying in 5 seconds...
[2025-12-17 09:44:41] [INFO] ========================================
[2025-12-17 09:44:41] [INFO] Starting Flight Booking Backend...
[2025-12-17 09:44:41] [INFO] Restart count: 7
[2025-12-17 09:44:41] [INFO] ========================================
[2025-12-17 09:44:41] [ERROR] Failed to start backend: Exception calling "Start" with "0" argument(s): "An error occurred trying to start process '.\mvnw.cmd' with working directory 'D:\TMDT\WebMayBay\backend'. The system cannot find the file specified."
[2025-12-17 09:44:41] [ERROR] Failed to start backend. Retrying in 5 seconds...
[2025-12-17 09:44:46] [INFO] ========================================
[2025-12-17 09:44:46] [INFO] Starting Flight Booking Backend...
[2025-12-17 09:44:46] [INFO] Restart count: 8
[2025-12-17 09:44:46] [INFO] ========================================
[2025-12-17 09:44:46] [ERROR] Failed to start backend: Exception calling "Start" with "0" argument(s): "An error occurred trying to start process '.\mvnw.cmd' with working directory 'D:\TMDT\WebMayBay\backend'. The system cannot find the file specified."
[2025-12-17 09:44:46] [ERROR] Failed to start backend. Retrying in 5 seconds...
[2025-12-17 09:44:51] [INFO] ========================================
[2025-12-17 09:44:51] [INFO] Starting Flight Booking Backend...
[2025-12-17 09:44:51] [INFO] Restart count: 9
[2025-12-17 09:44:51] [INFO] ========================================
[2025-12-17 09:44:51] [ERROR] Failed to start backend: Exception calling "Start" with "0" argument(s): "An error occurred trying to start process '.\mvnw.cmd' with working directory 'D:\TMDT\WebMayBay\backend'. The system cannot find the file specified."
[2025-12-17 09:44:51] [ERROR] Failed to start backend. Retrying in 5 seconds...
[2025-12-17 09:44:56] [INFO] ========================================
[2025-12-17 09:44:56] [INFO] Starting Flight Booking Backend...
[2025-12-17 09:44:56] [INFO] Restart count: 10
[2025-12-17 09:44:56] [INFO] ========================================
[2025-12-17 09:44:56] [ERROR] Failed to start backend: Exception calling "Start" with "0" argument(s): "An error occurred trying to start process '.\mvnw.cmd' with working directory 'D:\TMDT\WebMayBay\backend'. The system cannot find the file specified."
[2025-12-17 09:44:56] [ERROR] Failed to start backend. Retrying in 5 seconds...
[2025-12-17 09:45:01] [INFO] ========================================
[2025-12-17 09:45:01] [INFO] Starting Flight Booking Backend...
[2025-12-17 09:45:01] [INFO] Restart count: 11
[2025-12-17 09:45:01] [INFO] ========================================
[2025-12-17 09:45:01] [ERROR] Failed to start backend: Exception calling "Start" with "0" argument(s): "An error occurred trying to start process '.\mvnw.cmd' with working directory 'D:\TMDT\WebMayBay\backend'. The system cannot find the file specified."
[2025-12-17 09:45:01] [ERROR] Failed to start backend. Retrying in 5 seconds...
[2025-12-17 09:45:06] [INFO] ========================================
[2025-12-17 09:45:06] [INFO] Starting Flight Booking Backend...
[2025-12-17 09:45:06] [INFO] Restart count: 12
[2025-12-17 09:45:06] [INFO] ========================================
[2025-12-17 09:45:06] [ERROR] Failed to start backend: Exception calling "Start" with "0" argument(s): "An error occurred trying to start process '.\mvnw.cmd' with working directory 'D:\TMDT\WebMayBay\backend'. The system cannot find the file specified."
[2025-12-17 09:45:06] [ERROR] Failed to start backend. Retrying in 5 seconds...
[2025-12-17 09:45:11] [INFO] ========================================
[2025-12-17 09:45:12] [INFO] Starting Flight Booking Backend...
[2025-12-17 09:45:12] [INFO] Restart count: 13
[2025-12-17 09:45:12] [INFO] ========================================
[2025-12-17 09:45:12] [ERROR] Failed to start backend: Exception calling "Start" with "0" argument(s): "An error occurred trying to start process '.\mvnw.cmd' with working directory 'D:\TMDT\WebMayBay\backend'. The system cannot find the file specified."
[2025-12-17 09:45:12] [ERROR] Failed to start backend. Retrying in 5 seconds...
[2025-12-17 09:45:17] [INFO] ========================================
[2025-12-17 09:45:17] [INFO] Starting Flight Booking Backend...
[2025-12-17 09:45:17] [INFO] Restart count: 14
[2025-12-17 09:45:17] [INFO] ========================================
[2025-12-17 09:45:17] [ERROR] Failed to start backend: Exception calling "Start" with "0" argument(s): "An error occurred trying to start process '.\mvnw.cmd' with working directory 'D:\TMDT\WebMayBay\backend'. The system cannot find the file specified."
[2025-12-17 09:45:17] [ERROR] Failed to start backend. Retrying in 5 seconds...
[2025-12-17 09:45:22] [INFO] ========================================
[2025-12-17 09:45:22] [INFO] Starting Flight Booking Backend...
[2025-12-17 09:45:22] [INFO] Restart count: 15
[2025-12-17 09:45:22] [INFO] ========================================
[2025-12-17 09:45:22] [ERROR] Failed to start backend: Exception calling "Start" with "0" argument(s): "An error occurred trying to start process '.\mvnw.cmd' with working directory 'D:\TMDT\WebMayBay\backend'. The system cannot find the file specified."
[2025-12-17 09:45:22] [ERROR] Failed to start backend. Retrying in 5 seconds...
[2025-12-17 09:45:27] [INFO] ========================================
[2025-12-17 09:45:27] [INFO] Starting Flight Booking Backend...
[2025-12-17 09:45:27] [INFO] Restart count: 16
[2025-12-17 09:45:27] [INFO] ========================================
[2025-12-17 09:45:27] [ERROR] Failed to start backend: Exception calling "Start" with "0" argument(s): "An error occurred trying to start process '.\mvnw.cmd' with working directory 'D:\TMDT\WebMayBay\backend'. The system cannot find the file specified."
[2025-12-17 09:45:27] [ERROR] Failed to start backend. Retrying in 5 seconds...
[2025-12-17 09:45:32] [INFO] ========================================
[2025-12-17 09:45:32] [INFO] Starting Flight Booking Backend...
[2025-12-17 09:45:32] [INFO] Restart count: 17
[2025-12-17 09:45:32] [INFO] ========================================
[2025-12-17 09:45:32] [ERROR] Failed to start backend: Exception calling "Start" with "0" argument(s): "An error occurred trying to start process '.\mvnw.cmd' with working directory 'D:\TMDT\WebMayBay\backend'. The system cannot find the file specified."
[2025-12-17 09:45:32] [ERROR] Failed to start backend. Retrying in 5 seconds...
[2025-12-17 09:45:37] [INFO] ========================================
[2025-12-17 09:45:37] [INFO] Starting Flight Booking Backend...
[2025-12-17 09:45:37] [INFO] Restart count: 18
[2025-12-17 09:45:37] [INFO] ========================================
[2025-12-17 09:45:37] [ERROR] Failed to start backend: Exception calling "Start" with "0" argument(s): "An error occurred trying to start process '.\mvnw.cmd' with working directory 'D:\TMDT\WebMayBay\backend'. The system cannot find the file specified."
[2025-12-17 09:45:37] [ERROR] Failed to start backend. Retrying in 5 seconds...
[2025-12-17 09:45:42] [INFO] ========================================
[2025-12-17 09:45:42] [INFO] Starting Flight Booking Backend...
[2025-12-17 09:45:42] [INFO] Restart count: 19
[2025-12-17 09:45:42] [INFO] ========================================
[2025-12-17 09:45:42] [ERROR] Failed to start backend: Exception calling "Start" with "0" argument(s): "An error occurred trying to start process '.\mvnw.cmd' with working directory 'D:\TMDT\WebMayBay\backend'. The system cannot find the file specified."
[2025-12-17 09:45:42] [ERROR] Failed to start backend. Retrying in 5 seconds...
[2025-12-17 09:45:47] [INFO] ========================================
[2025-12-17 09:45:47] [INFO] Starting Flight Booking Backend...
[2025-12-17 09:45:47] [INFO] Restart count: 20
[2025-12-17 09:45:47] [INFO] ========================================
[2025-12-17 09:45:47] [ERROR] Failed to start backend: Exception calling "Start" with "0" argument(s): "An error occurred trying to start process '.\mvnw.cmd' with working directory 'D:\TMDT\WebMayBay\backend'. The system cannot find the file specified."
[2025-12-17 09:45:47] [ERROR] Failed to start backend. Retrying in 5 seconds...
[2025-12-17 09:45:52] [INFO] ========================================
[2025-12-17 09:45:52] [INFO] Starting Flight Booking Backend...
[2025-12-17 09:45:52] [INFO] Restart count: 21
[2025-12-17 09:45:52] [INFO] ========================================
[2025-12-17 09:45:52] [ERROR] Failed to start backend: Exception calling "Start" with "0" argument(s): "An error occurred trying to start process '.\mvnw.cmd' with working directory 'D:\TMDT\WebMayBay\backend'. The system cannot find the file specified."
[2025-12-17 09:45:52] [ERROR] Failed to start backend. Retrying in 5 seconds...
[2025-12-17 09:45:57] [INFO] ========================================
[2025-12-17 09:45:57] [INFO] Starting Flight Booking Backend...
[2025-12-17 09:45:57] [INFO] Restart count: 22
[2025-12-17 09:45:57] [INFO] ========================================
[2025-12-17 09:45:57] [ERROR] Failed to start backend: Exception calling "Start" with "0" argument(s): "An error occurred trying to start process '.\mvnw.cmd' with working directory 'D:\TMDT\WebMayBay\backend'. The system cannot find the file specified."
[2025-12-17 09:45:57] [ERROR] Failed to start backend. Retrying in 5 seconds...
[2025-12-17 09:46:02] [INFO] ========================================
[2025-12-17 09:46:02] [INFO] Starting Flight Booking Backend...
[2025-12-17 09:46:02] [INFO] Restart count: 23
[2025-12-17 09:46:03] [INFO] ========================================
[2025-12-17 09:46:03] [ERROR] Failed to start backend: Exception calling "Start" with "0" argument(s): "An error occurred trying to start process '.\mvnw.cmd' with working directory 'D:\TMDT\WebMayBay\backend'. The system cannot find the file specified."
[2025-12-17 09:46:03] [ERROR] Failed to start backend. Retrying in 5 seconds...
[2025-12-17 09:46:08] [INFO] ========================================
[2025-12-17 09:46:08] [INFO] Starting Flight Booking Backend...
[2025-12-17 09:46:08] [INFO] Restart count: 24
[2025-12-17 09:46:08] [INFO] ========================================
[2025-12-17 09:46:08] [ERROR] Failed to start backend: Exception calling "Start" with "0" argument(s): "An error occurred trying to start process '.\mvnw.cmd' with working directory 'D:\TMDT\WebMayBay\backend'. The system cannot find the file specified."
[2025-12-17 09:46:08] [ERROR] Failed to start backend. Retrying in 5 seconds...
[2025-12-17 09:46:13] [INFO] ========================================
[2025-12-17 09:46:13] [INFO] Starting Flight Booking Backend...
[2025-12-17 09:46:13] [INFO] Restart count: 25
[2025-12-17 09:46:13] [INFO] ========================================
[2025-12-17 09:46:13] [ERROR] Failed to start backend: Exception calling "Start" with "0" argument(s): "An error occurred trying to start process '.\mvnw.cmd' with working directory 'D:\TMDT\WebMayBay\backend'. The system cannot find the file specified."
[2025-12-17 09:46:13] [ERROR] Failed to start backend. Retrying in 5 seconds...
[2025-12-17 09:46:18] [INFO] ========================================
[2025-12-17 09:46:18] [INFO] Starting Flight Booking Backend...
[2025-12-17 09:46:18] [INFO] Restart count: 26
[2025-12-17 09:46:18] [INFO] ========================================
[2025-12-17 09:46:18] [ERROR] Failed to start backend: Exception calling "Start" with "0" argument(s): "An error occurred trying to start process '.\mvnw.cmd' with working directory 'D:\TMDT\WebMayBay\backend'. The system cannot find the file specified."
[2025-12-17 09:46:18] [ERROR] Failed to start backend. Retrying in 5 seconds...
[2025-12-17 09:46:23] [INFO] ========================================
[2025-12-17 09:46:23] [INFO] Starting Flight Booking Backend...
[2025-12-17 09:46:23] [INFO] Restart count: 27
[2025-12-17 09:46:23] [INFO] ========================================
[2025-12-17 09:46:23] [ERROR] Failed to start backend: Exception calling "Start" with "0" argument(s): "An error occurred trying to start process '.\mvnw.cmd' with working directory 'D:\TMDT\WebMayBay\backend'. The system cannot find the file specified."
[2025-12-17 09:46:23] [ERROR] Failed to start backend. Retrying in 5 seconds...
[2025-12-17 09:46:28] [INFO] ========================================
[2025-12-17 09:46:28] [INFO] Starting Flight Booking Backend...
[2025-12-17 09:46:28] [INFO] Restart count: 28
[2025-12-17 09:46:28] [INFO] ========================================
[2025-12-17 09:46:28] [ERROR] Failed to start backend: Exception calling "Start" with "0" argument(s): "An error occurred trying to start process '.\mvnw.cmd' with working directory 'D:\TMDT\WebMayBay\backend'. The system cannot find the file specified."
[2025-12-17 09:46:28] [ERROR] Failed to start backend. Retrying in 5 seconds...
[2025-12-17 09:46:33] [INFO] ========================================
[2025-12-17 09:46:33] [INFO] Starting Flight Booking Backend...
[2025-12-17 09:46:33] [INFO] Restart count: 29
[2025-12-17 09:46:33] [INFO] ========================================
[2025-12-17 09:46:33] [ERROR] Failed to start backend: Exception calling "Start" with "0" argument(s): "An error occurred trying to start process '.\mvnw.cmd' with working directory 'D:\TMDT\WebMayBay\backend'. The system cannot find the file specified."
[2025-12-17 09:46:33] [ERROR] Failed to start backend. Retrying in 5 seconds...
[2025-12-17 09:46:38] [INFO] ========================================
[2025-12-17 09:46:38] [INFO] Starting Flight Booking Backend...
[2025-12-17 09:46:38] [INFO] Restart count: 30
[2025-12-17 09:46:38] [INFO] ========================================
[2025-12-17 09:46:38] [ERROR] Failed to start backend: Exception calling "Start" with "0" argument(s): "An error occurred trying to start process '.\mvnw.cmd' with working directory 'D:\TMDT\WebMayBay\backend'. The system cannot find the file specified."
[2025-12-17 09:46:38] [ERROR] Failed to start backend. Retrying in 5 seconds...
[2025-12-17 09:46:43] [INFO] ========================================
[2025-12-17 09:46:43] [INFO] Starting Flight Booking Backend...
[2025-12-17 09:46:43] [INFO] Restart count: 31
[2025-12-17 09:46:43] [INFO] ========================================
[2025-12-17 09:46:43] [ERROR] Failed to start backend: Exception calling "Start" with "0" argument(s): "An error occurred trying to start process '.\mvnw.cmd' with working directory 'D:\TMDT\WebMayBay\backend'. The system cannot find the file specified."
[2025-12-17 09:46:43] [ERROR] Failed to start backend. Retrying in 5 seconds...
[2025-12-17 09:46:48] [INFO] ========================================
[2025-12-17 09:46:48] [INFO] Starting Flight Booking Backend...
[2025-12-17 09:46:48] [INFO] Restart count: 32
[2025-12-17 09:46:48] [INFO] ========================================
[2025-12-17 09:46:48] [ERROR] Failed to start backend: Exception calling "Start" with "0" argument(s): "An error occurred trying to start process '.\mvnw.cmd' with working directory 'D:\TMDT\WebMayBay\backend'. The system cannot find the file specified."
[2025-12-17 09:46:49] [ERROR] Failed to start backend. Retrying in 5 seconds...
[2025-12-17 09:46:54] [INFO] ========================================
[2025-12-17 09:46:54] [INFO] Starting Flight Booking Backend...
[2025-12-17 09:46:54] [INFO] Restart count: 33
[2025-12-17 09:46:54] [INFO] ========================================
[2025-12-17 09:46:54] [ERROR] Failed to start backend: Exception calling "Start" with "0" argument(s): "An error occurred trying to start process '.\mvnw.cmd' with working directory 'D:\TMDT\WebMayBay\backend'. The system cannot find the file specified."
[2025-12-17 09:46:54] [ERROR] Failed to start backend. Retrying in 5 seconds...
[2025-12-17 09:46:59] [INFO] ========================================
[2025-12-17 09:46:59] [INFO] Starting Flight Booking Backend...
[2025-12-17 09:46:59] [INFO] Restart count: 34
[2025-12-17 09:46:59] [INFO] ========================================
[2025-12-17 09:46:59] [ERROR] Failed to start backend: Exception calling "Start" with "0" argument(s): "An error occurred trying to start process '.\mvnw.cmd' with working directory 'D:\TMDT\WebMayBay\backend'. The system cannot find the file specified."
[2025-12-17 09:46:59] [ERROR] Failed to start backend. Retrying in 5 seconds...
[2025-12-17 09:47:04] [INFO] ========================================
[2025-12-17 09:47:04] [INFO] Starting Flight Booking Backend...
[2025-12-17 09:47:04] [INFO] Restart count: 35
[2025-12-17 09:47:04] [INFO] ========================================
[2025-12-17 09:47:04] [ERROR] Failed to start backend: Exception calling "Start" with "0" argument(s): "An error occurred trying to start process '.\mvnw.cmd' with working directory 'D:\TMDT\WebMayBay\backend'. The system cannot find the file specified."
[2025-12-17 09:47:04] [ERROR] Failed to start backend. Retrying in 5 seconds...
[2025-12-17 09:47:09] [INFO] ========================================
[2025-12-17 09:47:09] [INFO] Starting Flight Booking Backend...
[2025-12-17 09:47:09] [INFO] Restart count: 36
[2025-12-17 09:47:09] [INFO] ========================================
[2025-12-17 09:47:09] [ERROR] Failed to start backend: Exception calling "Start" with "0" argument(s): "An error occurred trying to start process '.\mvnw.cmd' with working directory 'D:\TMDT\WebMayBay\backend'. The system cannot find the file specified."
[2025-12-17 09:47:09] [ERROR] Failed to start backend. Retrying in 5 seconds...
[2025-12-17 09:47:14] [INFO] ========================================
[2025-12-17 09:47:14] [INFO] Starting Flight Booking Backend...
[2025-12-17 09:47:14] [INFO] Restart count: 37
[2025-12-17 09:47:14] [INFO] ========================================
[2025-12-17 09:47:14] [ERROR] Failed to start backend: Exception calling "Start" with "0" argument(s): "An error occurred trying to start process '.\mvnw.cmd' with working directory 'D:\TMDT\WebMayBay\backend'. The system cannot find the file specified."
[2025-12-17 09:47:14] [ERROR] Failed to start backend. Retrying in 5 seconds...
[2025-12-17 09:47:19] [INFO] ========================================
[2025-12-17 09:47:19] [INFO] Starting Flight Booking Backend...
[2025-12-17 09:47:19] [INFO] Restart count: 38
[2025-12-17 09:47:19] [INFO] ========================================
[2025-12-17 09:47:19] [ERROR] Failed to start backend: Exception calling "Start" with "0" argument(s): "An error occurred trying to start process '.\mvnw.cmd' with working directory 'D:\TMDT\WebMayBay\backend'. The system cannot find the file specified."
[2025-12-17 09:47:19] [ERROR] Failed to start backend. Retrying in 5 seconds...
[2025-12-17 09:47:24] [INFO] ========================================
[2025-12-17 09:47:24] [INFO] Starting Flight Booking Backend...
[2025-12-17 09:47:24] [INFO] Restart count: 39
[2025-12-17 09:47:24] [INFO] ========================================
[2025-12-17 09:47:24] [ERROR] Failed to start backend: Exception calling "Start" with "0" argument(s): "An error occurred trying to start process '.\mvnw.cmd' with working directory 'D:\TMDT\WebMayBay\backend'. The system cannot find the file specified."
[2025-12-17 09:47:24] [ERROR] Failed to start backend. Retrying in 5 seconds...
[2025-12-17 09:47:29] [INFO] ========================================
[2025-12-17 09:47:29] [INFO] Starting Flight Booking Backend...
[2025-12-17 09:47:29] [INFO] Restart count: 40
[2025-12-17 09:47:29] [INFO] ========================================
[2025-12-17 09:47:29] [ERROR] Failed to start backend: Exception calling "Start" with "0" argument(s): "An error occurred trying to start process '.\mvnw.cmd' with working directory 'D:\TMDT\WebMayBay\backend'. The system cannot find the file specified."
[2025-12-17 09:47:29] [ERROR] Failed to start backend. Retrying in 5 seconds...
[2025-12-17 09:47:34] [INFO] ========================================
[2025-12-17 09:47:34] [INFO] Starting Flight Booking Backend...
[2025-12-17 09:47:34] [INFO] Restart count: 41
[2025-12-17 09:47:34] [INFO] ========================================
[2025-12-17 09:47:34] [ERROR] Failed to start backend: Exception calling "Start" with "0" argument(s): "An error occurred trying to start process '.\mvnw.cmd' with working directory 'D:\TMDT\WebMayBay\backend'. The system cannot find the file specified."
[2025-12-17 09:47:34] [ERROR] Failed to start backend. Retrying in 5 seconds...
[2025-12-17 09:47:39] [INFO] ========================================
[2025-12-17 09:47:39] [INFO] Starting Flight Booking Backend...
[2025-12-17 09:47:39] [INFO] Restart count: 42
[2025-12-17 09:47:39] [INFO] ========================================
[2025-12-17 09:47:39] [ERROR] Failed to start backend: Exception calling "Start" with "0" argument(s): "An error occurred trying to start process '.\mvnw.cmd' with working directory 'D:\TMDT\WebMayBay\backend'. The system cannot find the file specified."
[2025-12-17 09:47:39] [ERROR] Failed to start backend. Retrying in 5 seconds...
[2025-12-17 09:47:44] [INFO] ========================================
[2025-12-17 09:47:44] [INFO] Starting Flight Booking Backend...
[2025-12-17 09:47:44] [INFO] Restart count: 43
[2025-12-17 09:47:44] [INFO] ========================================
[2025-12-17 09:47:44] [ERROR] Failed to start backend: Exception calling "Start" with "0" argument(s): "An error occurred trying to start process '.\mvnw.cmd' with working directory 'D:\TMDT\WebMayBay\backend'. The system cannot find the file specified."
[2025-12-17 09:47:44] [ERROR] Failed to start backend. Retrying in 5 seconds...
[2025-12-17 09:47:49] [INFO] ========================================
[2025-12-17 09:47:49] [INFO] Starting Flight Booking Backend...
[2025-12-17 09:47:49] [INFO] Restart count: 44
[2025-12-17 09:47:50] [INFO] ========================================
[2025-12-17 09:47:50] [ERROR] Failed to start backend: Exception calling "Start" with "0" argument(s): "An error occurred trying to start process '.\mvnw.cmd' with working directory 'D:\TMDT\WebMayBay\backend'. The system cannot find the file specified."
[2025-12-17 09:47:50] [ERROR] Failed to start backend. Retrying in 5 seconds...
[2025-12-17 09:47:55] [INFO] ========================================
[2025-12-17 09:47:55] [INFO] Starting Flight Booking Backend...
[2025-12-17 09:47:55] [INFO] Restart count: 45
[2025-12-17 09:47:55] [INFO] ========================================
[2025-12-17 09:47:55] [ERROR] Failed to start backend: Exception calling "Start" with "0" argument(s): "An error occurred trying to start process '.\mvnw.cmd' with working directory 'D:\TMDT\WebMayBay\backend'. The system cannot find the file specified."
[2025-12-17 09:47:55] [ERROR] Failed to start backend. Retrying in 5 seconds...
[2025-12-17 09:48:00] [INFO] ========================================
[2025-12-17 09:48:00] [INFO] Starting Flight Booking Backend...
[2025-12-17 09:48:00] [INFO] Restart count: 46
[2025-12-17 09:48:00] [INFO] ========================================
[2025-12-17 09:48:00] [ERROR] Failed to start backend: Exception calling "Start" with "0" argument(s): "An error occurred trying to start process '.\mvnw.cmd' with working directory 'D:\TMDT\WebMayBay\backend'. The system cannot find the file specified."
[2025-12-17 09:48:00] [ERROR] Failed to start backend. Retrying in 5 seconds...
[2025-12-17 09:48:05] [INFO] ========================================
[2025-12-17 09:48:05] [INFO] Starting Flight Booking Backend...
[2025-12-17 09:48:05] [INFO] Restart count: 47
[2025-12-17 09:48:05] [INFO] ========================================
[2025-12-17 09:48:05] [ERROR] Failed to start backend: Exception calling "Start" with "0" argument(s): "An error occurred trying to start process '.\mvnw.cmd' with working directory 'D:\TMDT\WebMayBay\backend'. The system cannot find the file specified."
[2025-12-17 09:48:05] [ERROR] Failed to start backend. Retrying in 5 seconds...
[2025-12-17 09:48:10] [INFO] ========================================
[2025-12-17 09:48:10] [INFO] Starting Flight Booking Backend...
[2025-12-17 09:48:10] [INFO] Restart count: 48
[2025-12-17 09:48:10] [INFO] ========================================
[2025-12-17 09:48:10] [ERROR] Failed to start backend: Exception calling "Start" with "0" argument(s): "An error occurred trying to start process '.\mvnw.cmd' with working directory 'D:\TMDT\WebMayBay\backend'. The system cannot find the file specified."
[2025-12-17 09:48:10] [ERROR] Failed to start backend. Retrying in 5 seconds...
[2025-12-17 09:48:15] [INFO] ========================================
[2025-12-17 09:48:15] [INFO] Starting Flight Booking Backend...
[2025-12-17 09:48:15] [INFO] Restart count: 49
[2025-12-17 09:48:15] [INFO] ========================================
[2025-12-17 09:48:15] [ERROR] Failed to start backend: Exception calling "Start" with "0" argument(s): "An error occurred trying to start process '.\mvnw.cmd' with working directory 'D:\TMDT\WebMayBay\backend'. The system cannot find the file specified."
[2025-12-17 09:48:15] [ERROR] Failed to start backend. Retrying in 5 seconds...
[2025-12-17 09:48:20] [INFO] ========================================
[2025-12-17 09:48:20] [INFO] Starting Flight Booking Backend...
[2025-12-17 09:48:20] [INFO] Restart count: 50
[2025-12-17 09:48:20] [INFO] ========================================
[2025-12-17 09:48:20] [ERROR] Failed to start backend: Exception calling "Start" with "0" argument(s): "An error occurred trying to start process '.\mvnw.cmd' with working directory 'D:\TMDT\WebMayBay\backend'. The system cannot find the file specified."
[2025-12-17 09:48:20] [ERROR] Failed to start backend. Retrying in 5 seconds...
[2025-12-17 09:48:25] [INFO] ========================================
[2025-12-17 09:48:25] [INFO] Starting Flight Booking Backend...
[2025-12-17 09:48:25] [INFO] Restart count: 51
[2025-12-17 09:48:25] [INFO] ========================================
[2025-12-17 09:48:25] [ERROR] Failed to start backend: Exception calling "Start" with "0" argument(s): "An error occurred trying to start process '.\mvnw.cmd' with working directory 'D:\TMDT\WebMayBay\backend'. The system cannot find the file specified."
[2025-12-17 09:48:25] [ERROR] Failed to start backend. Retrying in 5 seconds...
[2025-12-17 09:48:30] [INFO] ========================================
[2025-12-17 09:48:30] [INFO] Starting Flight Booking Backend...
[2025-12-17 09:48:30] [INFO] Restart count: 52
[2025-12-17 09:48:30] [INFO] ========================================
[2025-12-17 09:48:30] [ERROR] Failed to start backend: Exception calling "Start" with "0" argument(s): "An error occurred trying to start process '.\mvnw.cmd' with working directory 'D:\TMDT\WebMayBay\backend'. The system cannot find the file specified."
[2025-12-17 09:48:30] [ERROR] Failed to start backend. Retrying in 5 seconds...
[2025-12-17 09:48:35] [INFO] ========================================
[2025-12-17 09:48:35] [INFO] Starting Flight Booking Backend...
[2025-12-17 09:48:35] [INFO] Restart count: 53
[2025-12-17 09:48:35] [INFO] ========================================
[2025-12-17 09:48:35] [ERROR] Failed to start backend: Exception calling "Start" with "0" argument(s): "An error occurred trying to start process '.\mvnw.cmd' with working directory 'D:\TMDT\WebMayBay\backend'. The system cannot find the file specified."
[2025-12-17 09:48:35] [ERROR] Failed to start backend. Retrying in 5 seconds...
[2025-12-17 09:48:40] [INFO] ========================================
[2025-12-17 09:48:40] [INFO] Starting Flight Booking Backend...
[2025-12-17 09:48:40] [INFO] Restart count: 54
[2025-12-17 09:48:40] [INFO] ========================================
[2025-12-17 09:48:40] [ERROR] Failed to start backend: Exception calling "Start" with "0" argument(s): "An error occurred trying to start process '.\mvnw.cmd' with working directory 'D:\TMDT\WebMayBay\backend'. The system cannot find the file specified."
[2025-12-17 09:48:40] [ERROR] Failed to start backend. Retrying in 5 seconds...
[2025-12-17 09:48:45] [INFO] ========================================
[2025-12-17 09:48:45] [INFO] Starting Flight Booking Backend...
[2025-12-17 09:48:45] [INFO] Restart count: 55
[2025-12-17 09:48:46] [INFO] ========================================
[2025-12-17 09:48:46] [ERROR] Failed to start backend: Exception calling "Start" with "0" argument(s): "An error occurred trying to start process '.\mvnw.cmd' with working directory 'D:\TMDT\WebMayBay\backend'. The system cannot find the file specified."
[2025-12-17 09:48:46] [ERROR] Failed to start backend. Retrying in 5 seconds...
[2025-12-17 09:48:51] [INFO] ========================================
[2025-12-17 09:48:51] [INFO] Starting Flight Booking Backend...
[2025-12-17 09:48:51] [INFO] Restart count: 56
[2025-12-17 09:48:51] [INFO] ========================================
[2025-12-17 09:48:51] [ERROR] Failed to start backend: Exception calling "Start" with "0" argument(s): "An error occurred trying to start process '.\mvnw.cmd' with working directory 'D:\TMDT\WebMayBay\backend'. The system cannot find the file specified."
[2025-12-17 09:48:51] [ERROR] Failed to start backend. Retrying in 5 seconds...
[2025-12-17 09:48:56] [INFO] ========================================
[2025-12-17 09:48:56] [INFO] Starting Flight Booking Backend...
[2025-12-17 09:48:56] [INFO] Restart count: 57
[2025-12-17 09:48:56] [INFO] ========================================
[2025-12-17 09:48:56] [ERROR] Failed to start backend: Exception calling "Start" with "0" argument(s): "An error occurred trying to start process '.\mvnw.cmd' with working directory 'D:\TMDT\WebMayBay\backend'. The system cannot find the file specified."
[2025-12-17 09:48:56] [ERROR] Failed to start backend. Retrying in 5 seconds...
[2025-12-17 09:49:01] [INFO] ========================================
[2025-12-17 09:49:01] [INFO] Starting Flight Booking Backend...
[2025-12-17 09:49:01] [INFO] Restart count: 58
[2025-12-17 09:49:01] [INFO] ========================================
[2025-12-17 09:49:01] [ERROR] Failed to start backend: Exception calling "Start" with "0" argument(s): "An error occurred trying to start process '.\mvnw.cmd' with working directory 'D:\TMDT\WebMayBay\backend'. The system cannot find the file specified."
[2025-12-17 09:49:01] [ERROR] Failed to start backend. Retrying in 5 seconds...
[2025-12-17 09:49:06] [INFO] ========================================
[2025-12-17 09:49:06] [INFO] Starting Flight Booking Backend...
[2025-12-17 09:49:06] [INFO] Restart count: 59
[2025-12-17 09:49:06] [INFO] ========================================
[2025-12-17 09:49:06] [ERROR] Failed to start backend: Exception calling "Start" with "0" argument(s): "An error occurred trying to start process '.\mvnw.cmd' with working directory 'D:\TMDT\WebMayBay\backend'. The system cannot find the file specified."
[2025-12-17 09:49:06] [ERROR] Failed to start backend. Retrying in 5 seconds...
[2025-12-17 09:49:11] [INFO] ========================================
[2025-12-17 09:49:11] [INFO] Starting Flight Booking Backend...
[2025-12-17 09:49:11] [INFO] Restart count: 60
[2025-12-17 09:49:11] [INFO] ========================================
[2025-12-17 09:49:11] [ERROR] Failed to start backend: Exception calling "Start" with "0" argument(s): "An error occurred trying to start process '.\mvnw.cmd' with working directory 'D:\TMDT\WebMayBay\backend'. The system cannot find the file specified."
[2025-12-17 09:49:11] [ERROR] Failed to start backend. Retrying in 5 seconds...
[2025-12-17 09:49:16] [INFO] ========================================
[2025-12-17 09:49:16] [INFO] Starting Flight Booking Backend...
[2025-12-17 09:49:16] [INFO] Restart count: 61
[2025-12-17 09:49:16] [INFO] ========================================
[2025-12-17 09:49:16] [ERROR] Failed to start backend: Exception calling "Start" with "0" argument(s): "An error occurred trying to start process '.\mvnw.cmd' with working directory 'D:\TMDT\WebMayBay\backend'. The system cannot find the file specified."
[2025-12-17 09:49:16] [ERROR] Failed to start backend. Retrying in 5 seconds...
[2025-12-17 09:49:21] [INFO] ========================================
[2025-12-17 09:49:21] [INFO] Starting Flight Booking Backend...
[2025-12-17 09:49:21] [INFO] Restart count: 62
[2025-12-17 09:49:21] [INFO] ========================================
[2025-12-17 09:49:21] [ERROR] Failed to start backend: Exception calling "Start" with "0" argument(s): "An error occurred trying to start process '.\mvnw.cmd' with working directory 'D:\TMDT\WebMayBay\backend'. The system cannot find the file specified."
[2025-12-17 09:49:21] [ERROR] Failed to start backend. Retrying in 5 seconds...
[2025-12-17 09:49:26] [INFO] ========================================
[2025-12-17 09:49:26] [INFO] Starting Flight Booking Backend...
[2025-12-17 09:49:26] [INFO] Restart count: 63
[2025-12-17 09:49:26] [INFO] ========================================
[2025-12-17 09:49:26] [ERROR] Failed to start backend: Exception calling "Start" with "0" argument(s): "An error occurred trying to start process '.\mvnw.cmd' with working directory 'D:\TMDT\WebMayBay\backend'. The system cannot find the file specified."
[2025-12-17 09:49:26] [ERROR] Failed to start backend. Retrying in 5 seconds...
[2025-12-17 09:49:31] [INFO] ========================================
[2025-12-17 09:49:31] [INFO] Starting Flight Booking Backend...
[2025-12-17 09:49:31] [INFO] Restart count: 64
[2025-12-17 09:49:31] [INFO] ========================================
[2025-12-17 09:49:32] [ERROR] Failed to start backend: Exception calling "Start" with "0" argument(s): "An error occurred trying to start process '.\mvnw.cmd' with working directory 'D:\TMDT\WebMayBay\backend'. The system cannot find the file specified."
[2025-12-17 09:49:32] [ERROR] Failed to start backend. Retrying in 5 seconds...
[2025-12-17 09:49:37] [INFO] ========================================
[2025-12-17 09:49:37] [INFO] Starting Flight Booking Backend...
[2025-12-17 09:49:37] [INFO] Restart count: 65
[2025-12-17 09:49:37] [INFO] ========================================
[2025-12-17 09:49:37] [ERROR] Failed to start backend: Exception calling "Start" with "0" argument(s): "An error occurred trying to start process '.\mvnw.cmd' with working directory 'D:\TMDT\WebMayBay\backend'. The system cannot find the file specified."
[2025-12-17 09:49:37] [ERROR] Failed to start backend. Retrying in 5 seconds...
[2025-12-17 09:49:42] [INFO] ========================================
[2025-12-17 09:49:42] [INFO] Starting Flight Booking Backend...
[2025-12-17 09:49:42] [INFO] Restart count: 66
[2025-12-17 09:49:42] [INFO] ========================================
[2025-12-17 09:49:42] [ERROR] Failed to start backend: Exception calling "Start" with "0" argument(s): "An error occurred trying to start process '.\mvnw.cmd' with working directory 'D:\TMDT\WebMayBay\backend'. The system cannot find the file specified."
[2025-12-17 09:49:42] [ERROR] Failed to start backend. Retrying in 5 seconds...
[2025-12-17 09:49:47] [INFO] ========================================
[2025-12-17 09:49:47] [INFO] Starting Flight Booking Backend...
[2025-12-17 09:49:47] [INFO] Restart count: 67
[2025-12-17 09:49:47] [INFO] ========================================
[2025-12-17 09:49:47] [ERROR] Failed to start backend: Exception calling "Start" with "0" argument(s): "An error occurred trying to start process '.\mvnw.cmd' with working directory 'D:\TMDT\WebMayBay\backend'. The system cannot find the file specified."
[2025-12-17 09:49:47] [ERROR] Failed to start backend. Retrying in 5 seconds...
[2025-12-17 09:49:52] [INFO] ========================================
[2025-12-17 09:49:52] [INFO] Starting Flight Booking Backend...
[2025-12-17 09:49:52] [INFO] Restart count: 68
[2025-12-17 09:49:52] [INFO] ========================================
[2025-12-17 09:49:52] [ERROR] Failed to start backend: Exception calling "Start" with "0" argument(s): "An error occurred trying to start process '.\mvnw.cmd' with working directory 'D:\TMDT\WebMayBay\backend'. The system cannot find the file specified."
[2025-12-17 09:49:52] [ERROR] Failed to start backend. Retrying in 5 seconds...
[2025-12-17 09:49:57] [INFO] ========================================
[2025-12-17 09:49:57] [INFO] Starting Flight Booking Backend...
[2025-12-17 09:49:57] [INFO] Restart count: 69
[2025-12-17 09:49:57] [INFO] ========================================
[2025-12-17 09:49:57] [ERROR] Failed to start backend: Exception calling "Start" with "0" argument(s): "An error occurred trying to start process '.\mvnw.cmd' with working directory 'D:\TMDT\WebMayBay\backend'. The system cannot find the file specified."
[2025-12-17 09:49:57] [ERROR] Failed to start backend. Retrying in 5 seconds...
[2025-12-17 09:50:02] [INFO] ========================================
[2025-12-17 09:50:02] [INFO] Starting Flight Booking Backend...
[2025-12-17 09:50:02] [INFO] Restart count: 70
[2025-12-17 09:50:02] [INFO] ========================================
[2025-12-17 09:50:02] [ERROR] Failed to start backend: Exception calling "Start" with "0" argument(s): "An error occurred trying to start process '.\mvnw.cmd' with working directory 'D:\TMDT\WebMayBay\backend'. The system cannot find the file specified."
[2025-12-17 09:50:02] [ERROR] Failed to start backend. Retrying in 5 seconds...
[2025-12-17 09:50:07] [INFO] ========================================
[2025-12-17 09:50:07] [INFO] Starting Flight Booking Backend...
[2025-12-17 09:50:07] [INFO] Restart count: 71
[2025-12-17 09:50:07] [INFO] ========================================
[2025-12-17 09:50:07] [ERROR] Failed to start backend: Exception calling "Start" with "0" argument(s): "An error occurred trying to start process '.\mvnw.cmd' with working directory 'D:\TMDT\WebMayBay\backend'. The system cannot find the file specified."
[2025-12-17 09:50:07] [ERROR] Failed to start backend. Retrying in 5 seconds...
[2025-12-17 09:50:12] [INFO] ========================================
[2025-12-17 09:50:12] [INFO] Starting Flight Booking Backend...
[2025-12-17 09:50:12] [INFO] Restart count: 72
[2025-12-17 09:50:12] [INFO] ========================================
[2025-12-17 09:50:12] [ERROR] Failed to start backend: Exception calling "Start" with "0" argument(s): "An error occurred trying to start process '.\mvnw.cmd' with working directory 'D:\TMDT\WebMayBay\backend'. The system cannot find the file specified."
[2025-12-17 09:50:12] [ERROR] Failed to start backend. Retrying in 5 seconds...
[2025-12-17 09:50:18] [INFO] ========================================
[2025-12-17 09:50:18] [INFO] Starting Flight Booking Backend...
[2025-12-17 09:50:18] [INFO] Restart count: 73
[2025-12-17 09:50:18] [INFO] ========================================
[2025-12-17 09:50:18] [ERROR] Failed to start backend: Exception calling "Start" with "0" argument(s): "An error occurred trying to start process '.\mvnw.cmd' with working directory 'D:\TMDT\WebMayBay\backend'. The system cannot find the file specified."
[2025-12-17 09:50:18] [ERROR] Failed to start backend. Retrying in 5 seconds...
[2025-12-17 09:50:23] [INFO] ========================================
[2025-12-17 09:50:23] [INFO] Starting Flight Booking Backend...
[2025-12-17 09:50:23] [INFO] Restart count: 74
[2025-12-17 09:50:23] [INFO] ========================================
[2025-12-17 09:50:23] [ERROR] Failed to start backend: Exception calling "Start" with "0" argument(s): "An error occurred trying to start process '.\mvnw.cmd' with working directory 'D:\TMDT\WebMayBay\backend'. The system cannot find the file specified."
[2025-12-17 09:50:23] [ERROR] Failed to start backend. Retrying in 5 seconds...
[2025-12-17 09:50:28] [INFO] ========================================
[2025-12-17 09:50:28] [INFO] Starting Flight Booking Backend...
[2025-12-17 09:50:28] [INFO] Restart count: 75
[2025-12-17 09:50:28] [INFO] ========================================
[2025-12-17 09:50:28] [ERROR] Failed to start backend: Exception calling "Start" with "0" argument(s): "An error occurred trying to start process '.\mvnw.cmd' with working directory 'D:\TMDT\WebMayBay\backend'. The system cannot find the file specified."
[2025-12-17 09:50:28] [ERROR] Failed to start backend. Retrying in 5 seconds...
[2025-12-17 09:50:33] [INFO] ========================================
[2025-12-17 09:50:33] [INFO] Starting Flight Booking Backend...
[2025-12-17 09:50:33] [INFO] Restart count: 76
[2025-12-17 09:50:33] [INFO] ========================================
[2025-12-17 09:50:33] [ERROR] Failed to start backend: Exception calling "Start" with "0" argument(s): "An error occurred trying to start process '.\mvnw.cmd' with working directory 'D:\TMDT\WebMayBay\backend'. The system cannot find the file specified."
[2025-12-17 09:50:33] [ERROR] Failed to start backend. Retrying in 5 seconds...
[2025-12-17 09:50:38] [INFO] ========================================
[2025-12-17 09:50:38] [INFO] Starting Flight Booking Backend...
[2025-12-17 09:50:38] [INFO] Restart count: 77
[2025-12-17 09:50:38] [INFO] ========================================
[2025-12-17 09:50:38] [ERROR] Failed to start backend: Exception calling "Start" with "0" argument(s): "An error occurred trying to start process '.\mvnw.cmd' with working directory 'D:\TMDT\WebMayBay\backend'. The system cannot find the file specified."
[2025-12-17 09:50:38] [ERROR] Failed to start backend. Retrying in 5 seconds...
[2025-12-17 09:50:43] [INFO] ========================================
[2025-12-17 09:50:43] [INFO] Starting Flight Booking Backend...
[2025-12-17 09:50:43] [INFO] Restart count: 78
[2025-12-17 09:50:43] [INFO] ========================================
[2025-12-17 09:50:43] [ERROR] Failed to start backend: Exception calling "Start" with "0" argument(s): "An error occurred trying to start process '.\mvnw.cmd' with working directory 'D:\TMDT\WebMayBay\backend'. The system cannot find the file specified."
[2025-12-17 09:50:43] [ERROR] Failed to start backend. Retrying in 5 seconds...
[2025-12-17 09:50:48] [INFO] ========================================
[2025-12-17 09:50:48] [INFO] Starting Flight Booking Backend...
[2025-12-17 09:50:48] [INFO] Restart count: 79
[2025-12-17 09:50:48] [INFO] ========================================
[2025-12-17 09:50:48] [ERROR] Failed to start backend: Exception calling "Start" with "0" argument(s): "An error occurred trying to start process '.\mvnw.cmd' with working directory 'D:\TMDT\WebMayBay\backend'. The system cannot find the file specified."
[2025-12-17 09:50:48] [ERROR] Failed to start backend. Retrying in 5 seconds...
[2025-12-17 09:50:53] [INFO] ========================================
[2025-12-17 09:50:53] [INFO] Starting Flight Booking Backend...
[2025-12-17 09:50:53] [INFO] Restart count: 80
[2025-12-17 09:50:53] [INFO] ========================================
[2025-12-17 09:50:53] [ERROR] Failed to start backend: Exception calling "Start" with "0" argument(s): "An error occurred trying to start process '.\mvnw.cmd' with working directory 'D:\TMDT\WebMayBay\backend'. The system cannot find the file specified."
[2025-12-17 09:50:53] [ERROR] Failed to start backend. Retrying in 5 seconds...
[2025-12-17 09:50:58] [INFO] ========================================
[2025-12-17 09:50:58] [INFO] Starting Flight Booking Backend...
[2025-12-17 09:50:58] [INFO] Restart count: 81
[2025-12-17 09:50:58] [INFO] ========================================
[2025-12-17 09:50:58] [ERROR] Failed to start backend: Exception calling "Start" with "0" argument(s): "An error occurred trying to start process '.\mvnw.cmd' with working directory 'D:\TMDT\WebMayBay\backend'. The system cannot find the file specified."
[2025-12-17 09:50:58] [ERROR] Failed to start backend. Retrying in 5 seconds...
[2025-12-17 09:51:03] [INFO] ========================================
[2025-12-17 09:51:04] [INFO] Starting Flight Booking Backend...
[2025-12-17 09:51:04] [INFO] Restart count: 82
[2025-12-17 09:51:04] [INFO] ========================================
[2025-12-17 09:51:04] [ERROR] Failed to start backend: Exception calling "Start" with "0" argument(s): "An error occurred trying to start process '.\mvnw.cmd' with working directory 'D:\TMDT\WebMayBay\backend'. The system cannot find the file specified."
[2025-12-17 09:51:04] [ERROR] Failed to start backend. Retrying in 5 seconds...
[2025-12-17 09:51:09] [INFO] ========================================
[2025-12-17 09:51:09] [INFO] Starting Flight Booking Backend...
[2025-12-17 09:51:09] [INFO] Restart count: 83
[2025-12-17 09:51:09] [INFO] ========================================
[2025-12-17 09:51:09] [ERROR] Failed to start backend: Exception calling "Start" with "0" argument(s): "An error occurred trying to start process '.\mvnw.cmd' with working directory 'D:\TMDT\WebMayBay\backend'. The system cannot find the file specified."
[2025-12-17 09:51:09] [ERROR] Failed to start backend. Retrying in 5 seconds...
[2025-12-17 09:51:14] [INFO] ========================================
[2025-12-17 09:51:14] [INFO] Starting Flight Booking Backend...
[2025-12-17 09:51:14] [INFO] Restart count: 84
[2025-12-17 09:51:14] [INFO] ========================================
[2025-12-17 09:51:14] [ERROR] Failed to start backend: Exception calling "Start" with "0" argument(s): "An error occurred trying to start process '.\mvnw.cmd' with working directory 'D:\TMDT\WebMayBay\backend'. The system cannot find the file specified."
[2025-12-17 09:51:14] [ERROR] Failed to start backend. Retrying in 5 seconds...
